2021-03-08 14:40:33.705  INFO 2096 --- [restartedMain] zhang.huancun.HuancunApplication         : Starting HuancunApplication on LAPTOP-9DNUFRLR with PID 2096 (E:\ideaWorkspace\huancun\target\classes started by zjk688889 in E:\ideaWorkspace\huancun)
2021-03-08 14:40:33.711  INFO 2096 --- [restartedMain] zhang.huancun.HuancunApplication         : No active profile set, falling back to default profiles: default
2021-03-08 14:40:33.776  INFO 2096 --- [restartedMain] .e.DevToolsPropertyDefaultsPostProcessor : Devtools property defaults active! Set 'spring.devtools.add-properties' to 'false' to disable
2021-03-08 14:40:33.776  INFO 2096 --- [restartedMain] .e.DevToolsPropertyDefaultsPostProcessor : For additional web related logging consider setting the 'logging.level.web' property to 'DEBUG'
2021-03-08 14:40:35.204  INFO 2096 --- [restartedMain] o.s.b.w.embedded.tomcat.TomcatWebServer  : Tomcat initialized with port(s): 8080 (http)
2021-03-08 14:40:35.213  INFO 2096 --- [restartedMain] o.apache.catalina.core.StandardService   : Starting service [Tomcat]
2021-03-08 14:40:35.213  INFO 2096 --- [restartedMain] org.apache.catalina.core.StandardEngine  : Starting Servlet engine: [Apache Tomcat/9.0.43]
2021-03-08 14:40:35.216  INFO 2096 --- [restartedMain] o.a.catalina.core.AprLifecycleListener   : Loaded Apache Tomcat Native library [1.2.25] using APR version [1.7.0].
2021-03-08 14:40:35.216  INFO 2096 --- [restartedMain] o.a.catalina.core.AprLifecycleListener   : APR capabilities: IPv6 [true], sendfile [true], accept filters [false], random [true].
2021-03-08 14:40:35.216  INFO 2096 --- [restartedMain] o.a.catalina.core.AprLifecycleListener   : APR/OpenSSL configuration: useAprConnector [false], useOpenSSL [true]
2021-03-08 14:40:35.243  INFO 2096 --- [restartedMain] o.a.catalina.core.AprLifecycleListener   : OpenSSL successfully initialized [OpenSSL 1.1.1g  21 Apr 2020]
2021-03-08 14:40:35.358  INFO 2096 --- [restartedMain] o.a.c.c.C.[Tomcat].[localhost].[/]       : Initializing Spring embedded WebApplicationContext
2021-03-08 14:40:35.358  INFO 2096 --- [restartedMain] w.s.c.ServletWebServerApplicationContext : Root WebApplicationContext: initialization completed in 1581 ms
2021-03-08 14:40:36.169  INFO 2096 --- [restartedMain] o.s.s.concurrent.ThreadPoolTaskExecutor  : Initializing ExecutorService 'applicationTaskExecutor'
2021-03-08 14:40:36.385  WARN 2096 --- [restartedMain] ion$DefaultTemplateResolverConfiguration : Cannot find template location: classpath:/templates/ (please add some templates or check your Thymeleaf configuration)
2021-03-08 14:40:36.614  INFO 2096 --- [restartedMain] o.s.b.d.a.OptionalLiveReloadServer       : LiveReload server is running on port 35729
2021-03-08 14:40:36.664  INFO 2096 --- [restartedMain] o.s.b.w.embedded.tomcat.TomcatWebServer  : Tomcat started on port(s): 8080 (http) with context path ''
2021-03-08 14:40:36.679  INFO 2096 --- [restartedMain] zhang.huancun.HuancunApplication         : Started HuancunApplication in 4.026 seconds (JVM running for 6.497)
2021-03-08 14:40:57.641  INFO 2096 --- [http-nio-8080-exec-1] o.a.c.c.C.[Tomcat].[localhost].[/]       : Initializing Spring DispatcherServlet 'dispatcherServlet'
2021-03-08 14:40:57.642  INFO 2096 --- [http-nio-8080-exec-1] o.s.web.servlet.DispatcherServlet        : Initializing Servlet 'dispatcherServlet'
2021-03-08 14:40:57.653  INFO 2096 --- [http-nio-8080-exec-1] o.s.web.servlet.DispatcherServlet        : Completed initialization in 11 ms
2021-03-08 15:04:01.830  INFO 14092 --- [restartedMain] zhang.huancun.HuancunApplication         : Starting HuancunApplication on LAPTOP-9DNUFRLR with PID 14092 (E:\ideaWorkspace\huancun\target\classes started by zjk688889 in E:\ideaWorkspace\huancun)
2021-03-08 15:04:01.833  INFO 14092 --- [restartedMain] zhang.huancun.HuancunApplication         : No active profile set, falling back to default profiles: default
2021-03-08 15:04:01.883  INFO 14092 --- [restartedMain] .e.DevToolsPropertyDefaultsPostProcessor : Devtools property defaults active! Set 'spring.devtools.add-properties' to 'false' to disable
2021-03-08 15:04:01.883  INFO 14092 --- [restartedMain] .e.DevToolsPropertyDefaultsPostProcessor : For additional web related logging consider setting the 'logging.level.web' property to 'DEBUG'
2021-03-08 15:04:02.868  INFO 14092 --- [restartedMain] o.s.b.w.embedded.tomcat.TomcatWebServer  : Tomcat initialized with port(s): 8080 (http)
2021-03-08 15:04:02.879  INFO 14092 --- [restartedMain] o.apache.catalina.core.StandardService   : Starting service [Tomcat]
2021-03-08 15:04:02.880  INFO 14092 --- [restartedMain] org.apache.catalina.core.StandardEngine  : Starting Servlet engine: [Apache Tomcat/9.0.43]
2021-03-08 15:04:02.882  INFO 14092 --- [restartedMain] o.a.catalina.core.AprLifecycleListener   : Loaded Apache Tomcat Native library [1.2.25] using APR version [1.7.0].
2021-03-08 15:04:02.883  INFO 14092 --- [restartedMain] o.a.catalina.core.AprLifecycleListener   : APR capabilities: IPv6 [true], sendfile [true], accept filters [false], random [true].
2021-03-08 15:04:02.883  INFO 14092 --- [restartedMain] o.a.catalina.core.AprLifecycleListener   : APR/OpenSSL configuration: useAprConnector [false], useOpenSSL [true]
2021-03-08 15:04:02.889  INFO 14092 --- [restartedMain] o.a.catalina.core.AprLifecycleListener   : OpenSSL successfully initialized [OpenSSL 1.1.1g  21 Apr 2020]
2021-03-08 15:04:03.019  INFO 14092 --- [restartedMain] o.a.c.c.C.[Tomcat].[localhost].[/]       : Initializing Spring embedded WebApplicationContext
2021-03-08 15:04:03.019  INFO 14092 --- [restartedMain] w.s.c.ServletWebServerApplicationContext : Root WebApplicationContext: initialization completed in 1135 ms
2021-03-08 15:04:03.522  INFO 14092 --- [restartedMain] o.s.s.concurrent.ThreadPoolTaskExecutor  : Initializing ExecutorService 'applicationTaskExecutor'
2021-03-08 15:04:03.675  WARN 14092 --- [restartedMain] ion$DefaultTemplateResolverConfiguration : Cannot find template location: classpath:/templates/ (please add some templates or check your Thymeleaf configuration)
2021-03-08 15:04:03.868  INFO 14092 --- [restartedMain] o.s.b.d.a.OptionalLiveReloadServer       : LiveReload server is running on port 35729
2021-03-08 15:04:03.899  INFO 14092 --- [restartedMain] o.s.b.w.embedded.tomcat.TomcatWebServer  : Tomcat started on port(s): 8080 (http) with context path ''
2021-03-08 15:04:03.910  INFO 14092 --- [restartedMain] zhang.huancun.HuancunApplication         : Started HuancunApplication in 2.585 seconds (JVM running for 4.686)
2021-03-08 15:04:05.559  INFO 14092 --- [http-nio-8080-exec-1] o.a.c.c.C.[Tomcat].[localhost].[/]       : Initializing Spring DispatcherServlet 'dispatcherServlet'
2021-03-08 15:04:05.559  INFO 14092 --- [http-nio-8080-exec-1] o.s.web.servlet.DispatcherServlet        : Initializing Servlet 'dispatcherServlet'
2021-03-08 15:04:05.564  INFO 14092 --- [http-nio-8080-exec-1] o.s.web.servlet.DispatcherServlet        : Completed initialization in 5 ms
2021-03-08 20:35:25.018  INFO 4904 --- [main] zhang.huancun.HuancunApplicationTests    : Starting HuancunApplicationTests on LAPTOP-9DNUFRLR with PID 4904 (started by zjk688889 in E:\ideaWorkspace\huancun)
2021-03-08 20:35:25.020  INFO 4904 --- [main] zhang.huancun.HuancunApplicationTests    : No active profile set, falling back to default profiles: default
2021-03-08 20:35:27.583  INFO 4904 --- [main] o.s.s.concurrent.ThreadPoolTaskExecutor  : Initializing ExecutorService 'applicationTaskExecutor'
2021-03-08 20:35:27.871  WARN 4904 --- [main] ion$DefaultTemplateResolverConfiguration : Cannot find template location: classpath:/templates/ (please add some templates or check your Thymeleaf configuration)
2021-03-08 20:35:28.110  INFO 4904 --- [main] zhang.huancun.HuancunApplicationTests    : Started HuancunApplicationTests in 3.969 seconds (JVM running for 5.51)
2021-03-08 20:35:28.506  INFO 4904 --- [SpringContextShutdownHook] o.s.s.concurrent.ThreadPoolTaskExecutor  : Shutting down ExecutorService 'applicationTaskExecutor'
2021-03-08 20:35:43.804  INFO 248 --- [main] zhang.huancun.HuancunApplicationTests    : Starting HuancunApplicationTests on LAPTOP-9DNUFRLR with PID 248 (started by zjk688889 in E:\ideaWorkspace\huancun)
2021-03-08 20:35:43.805  INFO 248 --- [main] zhang.huancun.HuancunApplicationTests    : No active profile set, falling back to default profiles: default
2021-03-08 20:35:46.416  INFO 248 --- [main] o.s.s.concurrent.ThreadPoolTaskExecutor  : Initializing ExecutorService 'applicationTaskExecutor'
2021-03-08 20:35:46.701  WARN 248 --- [main] ion$DefaultTemplateResolverConfiguration : Cannot find template location: classpath:/templates/ (please add some templates or check your Thymeleaf configuration)
2021-03-08 20:35:46.967  INFO 248 --- [main] zhang.huancun.HuancunApplicationTests    : Started HuancunApplicationTests in 3.602 seconds (JVM running for 4.835)
2021-03-08 20:35:47.240  INFO 248 --- [SpringContextShutdownHook] o.s.s.concurrent.ThreadPoolTaskExecutor  : Shutting down ExecutorService 'applicationTaskExecutor'
2021-03-08 20:36:34.768  INFO 2408 --- [main] zhang.huancun.HuancunApplicationTests    : Starting HuancunApplicationTests on LAPTOP-9DNUFRLR with PID 2408 (started by zjk688889 in E:\ideaWorkspace\huancun)
2021-03-08 20:36:34.769  INFO 2408 --- [main] zhang.huancun.HuancunApplicationTests    : No active profile set, falling back to default profiles: default
2021-03-08 20:36:37.029  INFO 2408 --- [main] o.s.s.concurrent.ThreadPoolTaskExecutor  : Initializing ExecutorService 'applicationTaskExecutor'
2021-03-08 20:36:37.337  WARN 2408 --- [main] ion$DefaultTemplateResolverConfiguration : Cannot find template location: classpath:/templates/ (please add some templates or check your Thymeleaf configuration)
2021-03-08 20:36:37.573  INFO 2408 --- [main] zhang.huancun.HuancunApplicationTests    : Started HuancunApplicationTests in 3.293 seconds (JVM running for 4.656)
2021-03-08 20:36:37.910  INFO 2408 --- [SpringContextShutdownHook] o.s.s.concurrent.ThreadPoolTaskExecutor  : Shutting down ExecutorService 'applicationTaskExecutor'
2021-03-08 20:44:51.493  INFO 21012 --- [main] zhang.huancun.HuancunApplicationTests    : Starting HuancunApplicationTests on LAPTOP-9DNUFRLR with PID 21012 (started by zjk688889 in E:\ideaWorkspace\huancun)
2021-03-08 20:44:51.494  INFO 21012 --- [main] zhang.huancun.HuancunApplicationTests    : No active profile set, falling back to default profiles: default
2021-03-08 20:44:53.730  INFO 21012 --- [main] o.s.s.concurrent.ThreadPoolTaskExecutor  : Initializing ExecutorService 'applicationTaskExecutor'
2021-03-08 20:44:54.039  WARN 21012 --- [main] ion$DefaultTemplateResolverConfiguration : Cannot find template location: classpath:/templates/ (please add some templates or check your Thymeleaf configuration)
2021-03-08 20:44:54.371  INFO 21012 --- [main] zhang.huancun.HuancunApplicationTests    : Started HuancunApplicationTests in 3.268 seconds (JVM running for 4.488)
2021-03-08 20:44:54.785  INFO 21012 --- [SpringContextShutdownHook] o.s.s.concurrent.ThreadPoolTaskExecutor  : Shutting down ExecutorService 'applicationTaskExecutor'
2021-03-08 20:45:28.832  INFO 22792 --- [main] zhang.huancun.HuancunApplicationTests    : Starting HuancunApplicationTests on LAPTOP-9DNUFRLR with PID 22792 (started by zjk688889 in E:\ideaWorkspace\huancun)
2021-03-08 20:45:28.833  INFO 22792 --- [main] zhang.huancun.HuancunApplicationTests    : No active profile set, falling back to default profiles: default
2021-03-08 20:45:31.105  INFO 22792 --- [main] o.s.s.concurrent.ThreadPoolTaskExecutor  : Initializing ExecutorService 'applicationTaskExecutor'
2021-03-08 20:45:31.370  WARN 22792 --- [main] ion$DefaultTemplateResolverConfiguration : Cannot find template location: classpath:/templates/ (please add some templates or check your Thymeleaf configuration)
2021-03-08 20:45:31.601  INFO 22792 --- [main] zhang.huancun.HuancunApplicationTests    : Started HuancunApplicationTests in 3.177 seconds (JVM running for 4.38)
2021-03-08 20:45:31.914  INFO 22792 --- [SpringContextShutdownHook] o.s.s.concurrent.ThreadPoolTaskExecutor  : Shutting down ExecutorService 'applicationTaskExecutor'
