2021-03-04 06:42:27.944  INFO 12084 --- [restartedMain] zhang.huancun.HuancunApplication         : Starting HuancunApplication on LAPTOP-9DNUFRLR with PID 12084 (E:\ideaWorkspace\huancun\target\classes started by zjk688889 in E:\ideaWorkspace\huancun)
2021-03-04 06:42:27.947 DEBUG 12084 --- [restartedMain] zhang.huancun.HuancunApplication         : Running with Spring Boot v2.3.9.RELEASE, Spring v5.2.13.RELEASE
2021-03-04 06:42:27.947  INFO 12084 --- [restartedMain] zhang.huancun.HuancunApplication         : No active profile set, falling back to default profiles: default
2021-03-04 06:42:27.988  INFO 12084 --- [restartedMain] .e.DevToolsPropertyDefaultsPostProcessor : Devtools property defaults active! Set 'spring.devtools.add-properties' to 'false' to disable
2021-03-04 06:42:27.988  INFO 12084 --- [restartedMain] .e.DevToolsPropertyDefaultsPostProcessor : For additional web related logging consider setting the 'logging.level.web' property to 'DEBUG'
2021-03-04 06:42:28.472  WARN 12084 --- [restartedMain] o.m.s.mapper.ClassPathMapperScanner      : No MyBatis mapper was found in '[zhang.huancun]' package. Please check your configuration.
2021-03-04 06:42:28.778  INFO 12084 --- [restartedMain] o.s.b.w.embedded.tomcat.TomcatWebServer  : Tomcat initialized with port(s): 8080 (http)
2021-03-04 06:42:28.786  INFO 12084 --- [restartedMain] o.apache.catalina.core.StandardService   : Starting service [Tomcat]
2021-03-04 06:42:28.786  INFO 12084 --- [restartedMain] org.apache.catalina.core.StandardEngine  : Starting Servlet engine: [Apache Tomcat/9.0.43]
2021-03-04 06:42:28.787  INFO 12084 --- [restartedMain] o.a.catalina.core.AprLifecycleListener   : Loaded Apache Tomcat Native library [1.2.25] using APR version [1.7.0].
2021-03-04 06:42:28.788  INFO 12084 --- [restartedMain] o.a.catalina.core.AprLifecycleListener   : APR capabilities: IPv6 [true], sendfile [true], accept filters [false], random [true].
2021-03-04 06:42:28.788  INFO 12084 --- [restartedMain] o.a.catalina.core.AprLifecycleListener   : APR/OpenSSL configuration: useAprConnector [false], useOpenSSL [true]
2021-03-04 06:42:28.792  INFO 12084 --- [restartedMain] o.a.catalina.core.AprLifecycleListener   : OpenSSL successfully initialized [OpenSSL 1.1.1g  21 Apr 2020]
2021-03-04 06:42:28.885  INFO 12084 --- [restartedMain] o.a.c.c.C.[Tomcat].[localhost].[/]       : Initializing Spring embedded WebApplicationContext
2021-03-04 06:42:28.886  INFO 12084 --- [restartedMain] w.s.c.ServletWebServerApplicationContext : Root WebApplicationContext: initialization completed in 897 ms
2021-03-04 06:42:29.104  INFO 12084 --- [restartedMain] o.s.s.concurrent.ThreadPoolTaskExecutor  : Initializing ExecutorService 'applicationTaskExecutor'
2021-03-04 06:42:29.183  WARN 12084 --- [restartedMain] ion$DefaultTemplateResolverConfiguration : Cannot find template location: classpath:/templates/ (please add some templates or check your Thymeleaf configuration)
2021-03-04 06:42:29.270  INFO 12084 --- [restartedMain] o.s.b.d.a.OptionalLiveReloadServer       : LiveReload server is running on port 35729
2021-03-04 06:42:29.296  INFO 12084 --- [restartedMain] o.s.b.w.embedded.tomcat.TomcatWebServer  : Tomcat started on port(s): 8080 (http) with context path ''
2021-03-04 06:42:29.304  INFO 12084 --- [restartedMain] zhang.huancun.HuancunApplication         : Started HuancunApplication in 1.748 seconds (JVM running for 3.677)
